D: Executing: /sbin/dracut -m "base busybox magos" -d "loop cryptoloop aes-generic aes-i586" --filesystems "aufs squashfs vfat ntfs msdos fuse xfs btrfs ext2 ext3 ext4 nls_cp866 nls_utf8 nfs cifs" -c dracut.conf -v -M dracut.cpio.xz 3.10.24-nrj-desktop-pae-1rosa
I: dracut module 'network' will not be installed, because it's in the list to be omitted!
I: dracut module 'aufs-mount' will not be installed, because it's in the list to be omitted!
busybox
udev-rules
magos
base
I: *** Including modules done ***
I: *** Installing kernel module dependencies and firmware ***
I: *** Installing kernel module dependencies and firmware done ***
I: *** Resolving executable dependencies ***
I: *** Resolving executable dependencies done***
D: Listing sizes of included files:
D: 0	/var/tmp/initramfs.i6pyCU/dev
D: 0	/var/tmp/initramfs.i6pyCU/etc/cmdline.d
D: 0	/var/tmp/initramfs.i6pyCU/lib/dracut/hooks/cleanup
D: 0	/var/tmp/initramfs.i6pyCU/lib/dracut/hooks/emergency
D: 0	/var/tmp/initramfs.i6pyCU/lib/dracut/hooks/initqueue
D: 0	/var/tmp/initramfs.i6pyCU/lib/dracut/hooks/initqueue/finished
D: 0	/var/tmp/initramfs.i6pyCU/lib/dracut/hooks/initqueue/online
D: 0	/var/tmp/initramfs.i6pyCU/lib/dracut/hooks/initqueue/settled
D: 0	/var/tmp/initramfs.i6pyCU/lib/dracut/hooks/initqueue/timeout
D: 0	/var/tmp/initramfs.i6pyCU/lib/dracut/hooks/netroot
D: 0	/var/tmp/initramfs.i6pyCU/lib/dracut/hooks/pre-mount
D: 0	/var/tmp/initramfs.i6pyCU/lib/dracut/hooks/pre-pivot
D: 0	/var/tmp/initramfs.i6pyCU/lib/dracut/hooks/pre-shutdown
D: 0	/var/tmp/initramfs.i6pyCU/lib/dracut/hooks/pre-trigger
D: 0	/var/tmp/initramfs.i6pyCU/lib/dracut/hooks/pre-udev
D: 0	/var/tmp/initramfs.i6pyCU/lib/dracut/hooks/shutdown
D: 0	/var/tmp/initramfs.i6pyCU/lib/dracut/hooks/shutdown-emergency
D: 0	/var/tmp/initramfs.i6pyCU/proc
D: 0	/var/tmp/initramfs.i6pyCU/root
D: 0	/var/tmp/initramfs.i6pyCU/run
D: 0	/var/tmp/initramfs.i6pyCU/run/initramfs
D: 0	/var/tmp/initramfs.i6pyCU/run/lock
D: 0	/var/tmp/initramfs.i6pyCU/sys
D: 0	/var/tmp/initramfs.i6pyCU/sysroot
D: 0	/var/tmp/initramfs.i6pyCU/tmp
D: 0	/var/tmp/initramfs.i6pyCU/usr/lib
D: 0	/var/tmp/initramfs.i6pyCU/usr/lib/systemd
D: 0	/var/tmp/initramfs.i6pyCU/usr/sbin
D: 0	/var/tmp/initramfs.i6pyCU/var
D: 4	/var/tmp/initramfs.i6pyCU/etc/conf.d
D: 4	/var/tmp/initramfs.i6pyCU/etc/ld.so.conf.d
D: 4	/var/tmp/initramfs.i6pyCU/etc/ld.so.conf.d/GL
D: 4	/var/tmp/initramfs.i6pyCU/lib/dracut/hooks/mount
D: 8	/var/tmp/initramfs.i6pyCU/lib/dracut/hooks/cmdline
D: 8	/var/tmp/initramfs.i6pyCU/lib/modules/3.10.24-nrj-desktop-pae-1rosa/kernel/drivers/input
D: 12	/var/tmp/initramfs.i6pyCU/etc/udev/rules.d
D: 12	/var/tmp/initramfs.i6pyCU/lib/dracut/hooks
D: 12	/var/tmp/initramfs.i6pyCU/lib/modules/3.10.24-nrj-desktop-pae-1rosa/kernel/fs/nls
D: 16	/var/tmp/initramfs.i6pyCU/etc/udev
D: 16	/var/tmp/initramfs.i6pyCU/lib/modules/3.10.24-nrj-desktop-pae-1rosa/kernel/arch
D: 16	/var/tmp/initramfs.i6pyCU/lib/modules/3.10.24-nrj-desktop-pae-1rosa/kernel/arch/x86
D: 16	/var/tmp/initramfs.i6pyCU/lib/modules/3.10.24-nrj-desktop-pae-1rosa/kernel/arch/x86/crypto
D: 20	/var/tmp/initramfs.i6pyCU/lib/dracut
D: 24	/var/tmp/initramfs.i6pyCU/lib/modules/3.10.24-nrj-desktop-pae-1rosa/kernel/drivers/ata
D: 24	/var/tmp/initramfs.i6pyCU/lib/udev/rules.d
D: 28	/var/tmp/initramfs.i6pyCU/lib/modules/3.10.24-nrj-desktop-pae-1rosa/kernel/drivers/acpi
D: 32	/var/tmp/initramfs.i6pyCU/lib/modules/3.10.24-nrj-desktop-pae-1rosa/kernel/net
D: 32	/var/tmp/initramfs.i6pyCU/lib/modules/3.10.24-nrj-desktop-pae-1rosa/kernel/net/rfkill
D: 40	/var/tmp/initramfs.i6pyCU/bin
D: 40	/var/tmp/initramfs.i6pyCU/lib/modules/3.10.24-nrj-desktop-pae-1rosa/kernel/drivers/block
D: 40	/var/tmp/initramfs.i6pyCU/lib/modules/3.10.24-nrj-desktop-pae-1rosa/kernel/fs/isofs
D: 44	/var/tmp/initramfs.i6pyCU/etc
D: 44	/var/tmp/initramfs.i6pyCU/lib/modules/3.10.24-nrj-desktop-pae-1rosa/kernel/drivers/pci
D: 44	/var/tmp/initramfs.i6pyCU/lib/modules/3.10.24-nrj-desktop-pae-1rosa/kernel/drivers/pci/hotplug
D: 60	/var/tmp/initramfs.i6pyCU/lib/modules/3.10.24-nrj-desktop-pae-1rosa/kernel/fs/squashfs
D: 64	/var/tmp/initramfs.i6pyCU/lib/modules/3.10.24-nrj-desktop-pae-1rosa/kernel/drivers/platform
D: 64	/var/tmp/initramfs.i6pyCU/lib/modules/3.10.24-nrj-desktop-pae-1rosa/kernel/drivers/platform/x86
D: 88	/var/tmp/initramfs.i6pyCU/lib/modules/3.10.24-nrj-desktop-pae-1rosa/kernel/fs/lockd
D: 92	/var/tmp/initramfs.i6pyCU/lib/modules/3.10.24-nrj-desktop-pae-1rosa/kernel/fs/jbd
D: 100	/var/tmp/initramfs.i6pyCU/lib/modules/3.10.24-nrj-desktop-pae-1rosa/kernel/fs/fscache
D: 112	/var/tmp/initramfs.i6pyCU/lib/modules/3.10.24-nrj-desktop-pae-1rosa/kernel/fs/fat
D: 112	/var/tmp/initramfs.i6pyCU/lib/modules/3.10.24-nrj-desktop-pae-1rosa/kernel/fs/fuse
D: 116	/var/tmp/initramfs.i6pyCU/lib/modules/3.10.24-nrj-desktop-pae-1rosa/kernel/drivers/usb/host
D: 124	/var/tmp/initramfs.i6pyCU/lib/modules/3.10.24-nrj-desktop-pae-1rosa/kernel/fs/ntfs
D: 196	/var/tmp/initramfs.i6pyCU/lib/udev
D: 208	/var/tmp/initramfs.i6pyCU/lib/modules/3.10.24-nrj-desktop-pae-1rosa/kernel/fs/nfs
D: 216	/var/tmp/initramfs.i6pyCU/lib/modules/3.10.24-nrj-desktop-pae-1rosa/kernel/fs/aufs
D: 216	/var/tmp/initramfs.i6pyCU/lib/systemd
D: 248	/var/tmp/initramfs.i6pyCU/lib/modules/3.10.24-nrj-desktop-pae-1rosa/kernel/fs/ext3
D: 260	/var/tmp/initramfs.i6pyCU/lib/modules/3.10.24-nrj-desktop-pae-1rosa/kernel/drivers/usb/core
D: 268	/var/tmp/initramfs.i6pyCU/sbin
D: 356	/var/tmp/initramfs.i6pyCU/lib/modules/3.10.24-nrj-desktop-pae-1rosa/kernel/fs/cifs
D: 384	/var/tmp/initramfs.i6pyCU/lib/modules/3.10.24-nrj-desktop-pae-1rosa/kernel/drivers/usb
D: 592	/var/tmp/initramfs.i6pyCU/lib/modules/3.10.24-nrj-desktop-pae-1rosa/kernel/drivers
D: 980	/var/tmp/initramfs.i6pyCU/lib/modules/3.10.24-nrj-desktop-pae-1rosa/kernel/fs/xfs
D: 1100	/var/tmp/initramfs.i6pyCU/usr
D: 1100	/var/tmp/initramfs.i6pyCU/usr/bin
D: 2332	/var/tmp/initramfs.i6pyCU/lib/i686
D: 2748	/var/tmp/initramfs.i6pyCU/lib/modules/3.10.24-nrj-desktop-pae-1rosa/kernel/fs
D: 3388	/var/tmp/initramfs.i6pyCU/lib/modules/3.10.24-nrj-desktop-pae-1rosa/kernel
D: 3600	/var/tmp/initramfs.i6pyCU/lib/modules
D: 3600	/var/tmp/initramfs.i6pyCU/lib/modules/3.10.24-nrj-desktop-pae-1rosa
D: 7664	/var/tmp/initramfs.i6pyCU/lib
D: 9148	total
D: 9148	/var/tmp/initramfs.i6pyCU
I: *** Stripping files ***
I: *** Stripping files done ***
I: *** Creating image file ***
I: *** Creating image file done ***
I: Wrote /run/media/user/work_develop/work/magos-linux/make_initrd/dracut.cpio.xz:
I: -rw------- 1 root root 3077084 янв.   6 11:11 /run/media/user/work_develop/work/magos-linux/make_initrd/dracut.cpio.xz
