# This is a sample menu.lst file. You may make some changes to it.
# Please install GRLDR boot strap code to MBR with the bootlace.com
# utility under DOS/Win9x or Linux.

#color blue/green yellow/red white/magenta white/magenta
gfxmenu /boot/grub4dos/gfxmenu

color black/cyan yellow/cyan
splashimage /boot/grub4dos/boot_xpm.gz

timeout 30
default 0

title MagOS-С сохранением данных
#find --set-root --ignore-floppies --ignore-cd /MagOS/MagOS.sgn home=home.img
kernel /MagOS/vmlinuz  root=/dev/ram0 rw vga=791 slpash=silent
initrd /MagOS/initrd.gz

title MagOS-Чистый режим
#find --set-root --ignore-floppies --ignore-cd /MagOS/MagOS.sgn
kernel /MagOS/vmlinuz  root=/dev/ram0 rw vga=791 slpash=silent
initrd /MagOS/initrd.gz

#title MagOS-System profile
#find --set-root --ignore-floppies --ignore-cd /MagOS/MagOS.sgn
#kernel /MagOS/vmlinuz  root=/dev/ram0 rw vga=791 slpash=silent changes=MagOS_save1.img
#initrd /MagOS/initrd.gz

title MagOS-Загрузка с Яндекса
kernel /boot/tools/ipxe.krn

title Стороннее
configfile /boot/grub4dos/local/menu-add.lst

title Перезагрузка
reboot

