# This is a sample menu.lst file. You may make some changes to it.

timeout 30
default 0

#color blue/green yellow/red white/magenta white/magenta
gfxmenu /boot/grub4dos/gfxmenu

#graphicsmode -1 640 480
#font /boot/grub4dos/unifont.hex.gz
color black/cyan yellow/cyan
splashimage /boot/grub4dos/boot_xpm.gz

title ..Back to main menu
configfile /boot/grub4dos/menu.lst

title Memtest
kernel /boot/grub4dos/memtest

#title Hardware_Detection_Tool
#map /boot/tools/hdt.img (fd0)
#map --hook
#chainloader (fd0)+1
#rootnoverify (fd0)
#map --floppies=1

title Linux magos mode (experimental)
#find --set-root --ignore-floppies --ignore-cd /MagOS/MagOS.sgn
kernel /MagOS/vmlinuz  root=/dev/ram0 rw vga=791 splash=silent plymouth.enable=0 uird.scan=legacy
initrd /MagOS/uird.magos.cpio.xz

title Windows NT/2K/XP 
find --set-root --ignore-floppies --ignore-cd /ntldr
map () (hd0)
map (hd0) ()
map --rehook
find --set-root --ignore-floppies --ignore-cd /ntldr
chainloader /ntldr
savedefault --wait=2

title Windows VISTA/7
find --set-root --ignore-floppies --ignore-cd /bootmgr
map () (hd0)
map (hd0) ()
map --rehook
find --set-root --ignore-floppies --ignore-cd /bootmgr
chainloader /bootmgr
savedefault --wait=2

title Windows 9x/Me
find --set-root /io.sys
chainloader /io.sys
savedefault --wait=2

#title NTpasswd
#find --set-root /boot/extra/ntpasswd_080802.iso
#map /boot/extra/ntpasswd_080802.iso (0xff) || map --mem /boot/extra/ntpasswd_080802.iso (0xff)
#map --hook
#chainloader (0xff)

#title Victoria 3.5
#find --set-root --ignore-floppies /boot/extra/vic35.img
#map --mem /boot/extra/vic35.img (fd0)
#map --hook
#chainloader (fd0)+1
#rootnoverify (fd0)

title Reboot
reboot

