# This is a sample menu.lst file. You may make some changes to it.

timeout 30
default 0

#color blue/green yellow/red white/magenta white/magenta
gfxmenu /boot/grub4dos/gfxmenu

#graphicsmode -1 640 480
#font /boot/grub4dos/unifont.hex.gz
color black/cyan yellow/cyan
splashimage /boot/grub4dos/boot_xpm.gz

iftitle [if exist /isomode] MagOS Linux-Run from ISO/DVD
kernel /MagOS/vmlinuz vga=791 splash=silent plymouth.enable=0 vt.global_cursor_default=1 uird.silent uird.from=/MagOS lang=en
initrd /MagOS/uird.magos.cpio.xz

iftitle [if not exist /isomode] MagOS Linux with saving data
if not exist /MagOS/MagOS.sgn find --set-root --ignore-floppies --ignore-cd /MagOS/MagOS.sgn
kernel /MagOS/vmlinuz vga=791 splash=silent plymouth.enable=0 uird.home=home.img uird.mode=machines lang=en
initrd /MagOS/uird.magos.cpio.xz

title MagOS Linux Clean mode
if not exist /MagOS/MagOS.sgn find --set-root --ignore-floppies --ignore-cd /MagOS/MagOS.sgn
kernel /MagOS/vmlinuz vga=791 splash=silent plymouth.enable=0 lang=en
initrd /MagOS/uird.magos.cpio.xz

iftitle [if exist /MagOS.bak/MagOS.sgn] MagOS Linux with saving data (previous version)
kernel /MagOS.bak/vmlinuz vga=791 splash=silent plymouth.enable=0 lang=en uird.home=home.img uird.mode=machines uird.from=MagOS.bak;MagOS-Data
initrd /MagOS.bak/uird.magos.cpio.xz

iftitle [if exist /MagOS.bak/MagOS.sgn] MagOS Linux Clean mode (previous version)
kernel /MagOS.bak/vmlinuz vga=791 splash=silent plymouth.enable=0 lang=en uird.from=MagOS.bak;MagOS-Data
initrd /MagOS.bak/uird.magos.cpio.xz

#title MagOS Linux Home profile (initrd)
#find --set-root --ignore-floppies --ignore-cd /MagOS/MagOS.sgn
#kernel /MagOS/vmlinuz  root=/dev/ram0 rw vga=791 splash=silent plymouth.enable=0 lang=en home=home.img changes=xzm
#initrd /MagOS/initrd.gz

#title MagOS Linux Clean mode (initrd)
#if not exist /MagOS/MagOS.sgn find --set-root --ignore-floppies --ignore-cd /MagOS/MagOS.sgn
#kernel /MagOS/vmlinuz vga=791 splash=silent plymouth.enable=0 lang=en root=/dev/ram0 rw
#initrd /MagOS/initrd.gz

#title MagOS Linux System profile
#if not exist /MagOS/MagOS.sgn find --set-root --ignore-floppies --ignore-cd /MagOS/MagOS.sgn
#kernel /MagOS/vmlinuz  root=/dev/ram0 rw vga=791 splash=silent plymouth.enable=0 lang=en changes=MagOS_save1.img
#initrd /MagOS/initrd.gz

title MagOS Linux Netlive
kernel /boot/grub4dos/ipxe.lkrn
#initrd script.ipxe

title Additional software
configfile /boot/grub4dos/menu-add.lst

title Reboot
reboot

title Local language
configfile /boot/grub4dos/local/menu.lst

